2023-06-23 00:40:09,930:WARNING:
'cuml' is a soft dependency and not included in the pycaret installation. Please run: `pip install cuml` to install.
2023-06-23 00:40:09,930:WARNING:
'cuml' is a soft dependency and not included in the pycaret installation. Please run: `pip install cuml` to install.
2023-06-23 00:40:09,930:WARNING:
'cuml' is a soft dependency and not included in the pycaret installation. Please run: `pip install cuml` to install.
2023-06-23 00:40:09,930:WARNING:
'cuml' is a soft dependency and not included in the pycaret installation. Please run: `pip install cuml` to install.
2023-06-23 00:40:16,458:WARNING:
'prophet' is a soft dependency and not included in the pycaret installation. Please run: `pip install prophet` to install.
2023-06-23 00:40:20,555:INFO:Initializing load_model()
2023-06-23 00:40:20,555:INFO:load_model(model_name=insurance_model, platform=None, authentication=None, verbose=True)
2023-06-23 00:40:20,833:WARNING:C:\Users\HEMANT MANDAL\AppData\Local\Programs\Python\Python310\lib\site-packages\pycaret\internal\pipeline.py:135: UserWarning: Version mismatch:
current: {'deps_info': {'pip': '23.1.2', 'setuptools': '57.4.0', 'pycaret': '3.0.0', 'IPython': '8.9.0', 'ipywidgets': '8.0.4', 'tqdm': '4.65.0', 'numpy': '1.24.2', 'pandas': '1.5.3', 'jinja2': '3.1.2', 'scipy': '1.10.1', 'joblib': '1.2.0', 'sklearn': '1.2.2', 'pyod': '1.0.9', 'imblearn': '0.10.1', 'category_encoders': '2.6.1', 'lightgbm': '3.3.5', 'numba': '0.57.1', 'requests': '2.28.2', 'matplotlib': '3.7.1', 'scikitplot': '0.3.7', 'yellowbrick': '1.5', 'plotly': '5.15.0', 'kaleido': '0.2.1', 'statsmodels': '0.14.0', 'sktime': '0.19.2', 'tbats': '1.1.3', 'pmdarima': '2.0.3', 'psutil': '5.9.4'}, 'python': {'version': '3.10.0', 'machine': 'AMD64'}}
pickle: {'deps_info': {'pip': '23.1.2', 'setuptools': '67.7.2', 'pycaret': '3.0.2', 'IPython': '7.34.0', 'ipywidgets': '7.7.1', 'tqdm': '4.65.0', 'numpy': '1.22.4', 'pandas': '1.5.3', 'jinja2': '3.1.2', 'scipy': '1.10.1', 'joblib': '1.2.0', 'sklearn': '1.2.2', 'pyod': '1.0.9', 'imblearn': '0.10.1', 'category_encoders': '2.6.1', 'lightgbm': '3.3.5', 'numba': '0.56.4', 'requests': '2.27.1', 'matplotlib': '3.7.1', 'scikitplot': '0.3.7', 'yellowbrick': '1.5', 'plotly': '5.13.1', 'kaleido': '0.2.1', 'statsmodels': '0.13.5', 'sktime': '0.17.0', 'tbats': '1.1.3', 'pmdarima': '2.0.3', 'psutil': '5.9.5'}, 'python': {'version': '3.10.12', 'machine': 'x86_64'}}
  warnings.warn(

2023-06-23 00:42:38,717:WARNING:
'cuml' is a soft dependency and not included in the pycaret installation. Please run: `pip install cuml` to install.
2023-06-23 00:42:38,717:WARNING:
'cuml' is a soft dependency and not included in the pycaret installation. Please run: `pip install cuml` to install.
2023-06-23 00:42:38,717:WARNING:
'cuml' is a soft dependency and not included in the pycaret installation. Please run: `pip install cuml` to install.
2023-06-23 00:42:38,717:WARNING:
'cuml' is a soft dependency and not included in the pycaret installation. Please run: `pip install cuml` to install.
2023-06-23 00:42:41,771:WARNING:
'prophet' is a soft dependency and not included in the pycaret installation. Please run: `pip install prophet` to install.
2023-06-23 00:42:44,424:INFO:Initializing load_model()
2023-06-23 00:42:44,424:INFO:Initializing load_model()
2023-06-23 00:42:44,424:INFO:load_model(model_name=insurance_model, platform=None, authentication=None, verbose=True)
2023-06-23 00:42:44,424:INFO:load_model(model_name=insurance_model, platform=None, authentication=None, verbose=True)
2023-06-23 00:42:44,487:WARNING:C:\Users\HEMANT MANDAL\AppData\Local\Programs\Python\Python310\lib\site-packages\pycaret\internal\pipeline.py:135: UserWarning: Version mismatch:
current: {'deps_info': {'pip': '23.1.2', 'setuptools': '57.4.0', 'pycaret': '3.0.0', 'IPython': '8.9.0', 'ipywidgets': '8.0.4', 'tqdm': '4.65.0', 'numpy': '1.24.2', 'pandas': '1.5.3', 'jinja2': '3.1.2', 'scipy': '1.10.1', 'joblib': '1.2.0', 'sklearn': '1.2.2', 'pyod': '1.0.9', 'imblearn': '0.10.1', 'category_encoders': '2.6.1', 'lightgbm': '3.3.5', 'numba': '0.57.1', 'requests': '2.28.2', 'matplotlib': '3.7.1', 'scikitplot': '0.3.7', 'yellowbrick': '1.5', 'plotly': '5.15.0', 'kaleido': '0.2.1', 'statsmodels': '0.14.0', 'sktime': '0.19.2', 'tbats': '1.1.3', 'pmdarima': '2.0.3', 'psutil': '5.9.4'}, 'python': {'version': '3.10.0', 'machine': 'AMD64'}}
pickle: {'deps_info': {'pip': '23.1.2', 'setuptools': '67.7.2', 'pycaret': '3.0.2', 'IPython': '7.34.0', 'ipywidgets': '7.7.1', 'tqdm': '4.65.0', 'numpy': '1.22.4', 'pandas': '1.5.3', 'jinja2': '3.1.2', 'scipy': '1.10.1', 'joblib': '1.2.0', 'sklearn': '1.2.2', 'pyod': '1.0.9', 'imblearn': '0.10.1', 'category_encoders': '2.6.1', 'lightgbm': '3.3.5', 'numba': '0.56.4', 'requests': '2.27.1', 'matplotlib': '3.7.1', 'scikitplot': '0.3.7', 'yellowbrick': '1.5', 'plotly': '5.13.1', 'kaleido': '0.2.1', 'statsmodels': '0.13.5', 'sktime': '0.17.0', 'tbats': '1.1.3', 'pmdarima': '2.0.3', 'psutil': '5.9.5'}, 'python': {'version': '3.10.12', 'machine': 'x86_64'}}
  warnings.warn(

2023-06-23 00:43:08,022:INFO:Initializing load_model()
2023-06-23 00:43:08,022:INFO:load_model(model_name=insurance_model, platform=None, authentication=None, verbose=True)
2023-06-23 00:43:08,063:WARNING:C:\Users\HEMANT MANDAL\AppData\Local\Programs\Python\Python310\lib\site-packages\pycaret\internal\pipeline.py:135: UserWarning: Version mismatch:
current: {'deps_info': {'pip': '23.1.2', 'setuptools': '57.4.0', 'pycaret': '3.0.0', 'IPython': '8.9.0', 'ipywidgets': '8.0.4', 'tqdm': '4.65.0', 'numpy': '1.24.2', 'pandas': '1.5.3', 'jinja2': '3.1.2', 'scipy': '1.10.1', 'joblib': '1.2.0', 'sklearn': '1.2.2', 'pyod': '1.0.9', 'imblearn': '0.10.1', 'category_encoders': '2.6.1', 'lightgbm': '3.3.5', 'numba': '0.57.1', 'requests': '2.28.2', 'matplotlib': '3.7.1', 'scikitplot': '0.3.7', 'yellowbrick': '1.5', 'plotly': '5.15.0', 'kaleido': '0.2.1', 'statsmodels': '0.14.0', 'sktime': '0.19.2', 'tbats': '1.1.3', 'pmdarima': '2.0.3', 'psutil': '5.9.4'}, 'python': {'version': '3.10.0', 'machine': 'AMD64'}}
pickle: {'deps_info': {'pip': '23.1.2', 'setuptools': '67.7.2', 'pycaret': '3.0.2', 'IPython': '7.34.0', 'ipywidgets': '7.7.1', 'tqdm': '4.65.0', 'numpy': '1.22.4', 'pandas': '1.5.3', 'jinja2': '3.1.2', 'scipy': '1.10.1', 'joblib': '1.2.0', 'sklearn': '1.2.2', 'pyod': '1.0.9', 'imblearn': '0.10.1', 'category_encoders': '2.6.1', 'lightgbm': '3.3.5', 'numba': '0.56.4', 'requests': '2.27.1', 'matplotlib': '3.7.1', 'scikitplot': '0.3.7', 'yellowbrick': '1.5', 'plotly': '5.13.1', 'kaleido': '0.2.1', 'statsmodels': '0.13.5', 'sktime': '0.17.0', 'tbats': '1.1.3', 'pmdarima': '2.0.3', 'psutil': '5.9.5'}, 'python': {'version': '3.10.12', 'machine': 'x86_64'}}
  warnings.warn(

2023-06-23 00:43:11,102:INFO:Initializing load_model()
2023-06-23 00:43:11,102:INFO:load_model(model_name=insurance_model, platform=None, authentication=None, verbose=True)
2023-06-23 00:43:11,171:WARNING:C:\Users\HEMANT MANDAL\AppData\Local\Programs\Python\Python310\lib\site-packages\pycaret\internal\pipeline.py:135: UserWarning: Version mismatch:
current: {'deps_info': {'pip': '23.1.2', 'setuptools': '57.4.0', 'pycaret': '3.0.0', 'IPython': '8.9.0', 'ipywidgets': '8.0.4', 'tqdm': '4.65.0', 'numpy': '1.24.2', 'pandas': '1.5.3', 'jinja2': '3.1.2', 'scipy': '1.10.1', 'joblib': '1.2.0', 'sklearn': '1.2.2', 'pyod': '1.0.9', 'imblearn': '0.10.1', 'category_encoders': '2.6.1', 'lightgbm': '3.3.5', 'numba': '0.57.1', 'requests': '2.28.2', 'matplotlib': '3.7.1', 'scikitplot': '0.3.7', 'yellowbrick': '1.5', 'plotly': '5.15.0', 'kaleido': '0.2.1', 'statsmodels': '0.14.0', 'sktime': '0.19.2', 'tbats': '1.1.3', 'pmdarima': '2.0.3', 'psutil': '5.9.4'}, 'python': {'version': '3.10.0', 'machine': 'AMD64'}}
pickle: {'deps_info': {'pip': '23.1.2', 'setuptools': '67.7.2', 'pycaret': '3.0.2', 'IPython': '7.34.0', 'ipywidgets': '7.7.1', 'tqdm': '4.65.0', 'numpy': '1.22.4', 'pandas': '1.5.3', 'jinja2': '3.1.2', 'scipy': '1.10.1', 'joblib': '1.2.0', 'sklearn': '1.2.2', 'pyod': '1.0.9', 'imblearn': '0.10.1', 'category_encoders': '2.6.1', 'lightgbm': '3.3.5', 'numba': '0.56.4', 'requests': '2.27.1', 'matplotlib': '3.7.1', 'scikitplot': '0.3.7', 'yellowbrick': '1.5', 'plotly': '5.13.1', 'kaleido': '0.2.1', 'statsmodels': '0.13.5', 'sktime': '0.17.0', 'tbats': '1.1.3', 'pmdarima': '2.0.3', 'psutil': '5.9.5'}, 'python': {'version': '3.10.12', 'machine': 'x86_64'}}
  warnings.warn(

2023-06-23 00:43:16,200:INFO:Initializing load_model()
2023-06-23 00:43:16,200:INFO:load_model(model_name=insurance_model, platform=None, authentication=None, verbose=True)
2023-06-23 00:43:16,231:WARNING:C:\Users\HEMANT MANDAL\AppData\Local\Programs\Python\Python310\lib\site-packages\pycaret\internal\pipeline.py:135: UserWarning: Version mismatch:
current: {'deps_info': {'pip': '23.1.2', 'setuptools': '57.4.0', 'pycaret': '3.0.0', 'IPython': '8.9.0', 'ipywidgets': '8.0.4', 'tqdm': '4.65.0', 'numpy': '1.24.2', 'pandas': '1.5.3', 'jinja2': '3.1.2', 'scipy': '1.10.1', 'joblib': '1.2.0', 'sklearn': '1.2.2', 'pyod': '1.0.9', 'imblearn': '0.10.1', 'category_encoders': '2.6.1', 'lightgbm': '3.3.5', 'numba': '0.57.1', 'requests': '2.28.2', 'matplotlib': '3.7.1', 'scikitplot': '0.3.7', 'yellowbrick': '1.5', 'plotly': '5.15.0', 'kaleido': '0.2.1', 'statsmodels': '0.14.0', 'sktime': '0.19.2', 'tbats': '1.1.3', 'pmdarima': '2.0.3', 'psutil': '5.9.4'}, 'python': {'version': '3.10.0', 'machine': 'AMD64'}}
pickle: {'deps_info': {'pip': '23.1.2', 'setuptools': '67.7.2', 'pycaret': '3.0.2', 'IPython': '7.34.0', 'ipywidgets': '7.7.1', 'tqdm': '4.65.0', 'numpy': '1.22.4', 'pandas': '1.5.3', 'jinja2': '3.1.2', 'scipy': '1.10.1', 'joblib': '1.2.0', 'sklearn': '1.2.2', 'pyod': '1.0.9', 'imblearn': '0.10.1', 'category_encoders': '2.6.1', 'lightgbm': '3.3.5', 'numba': '0.56.4', 'requests': '2.27.1', 'matplotlib': '3.7.1', 'scikitplot': '0.3.7', 'yellowbrick': '1.5', 'plotly': '5.13.1', 'kaleido': '0.2.1', 'statsmodels': '0.13.5', 'sktime': '0.17.0', 'tbats': '1.1.3', 'pmdarima': '2.0.3', 'psutil': '5.9.5'}, 'python': {'version': '3.10.12', 'machine': 'x86_64'}}
  warnings.warn(

2023-06-23 00:43:16,560:INFO:Initializing load_model()
2023-06-23 00:43:16,560:INFO:load_model(model_name=insurance_model, platform=None, authentication=None, verbose=True)
2023-06-23 00:43:16,592:WARNING:C:\Users\HEMANT MANDAL\AppData\Local\Programs\Python\Python310\lib\site-packages\pycaret\internal\pipeline.py:135: UserWarning: Version mismatch:
current: {'deps_info': {'pip': '23.1.2', 'setuptools': '57.4.0', 'pycaret': '3.0.0', 'IPython': '8.9.0', 'ipywidgets': '8.0.4', 'tqdm': '4.65.0', 'numpy': '1.24.2', 'pandas': '1.5.3', 'jinja2': '3.1.2', 'scipy': '1.10.1', 'joblib': '1.2.0', 'sklearn': '1.2.2', 'pyod': '1.0.9', 'imblearn': '0.10.1', 'category_encoders': '2.6.1', 'lightgbm': '3.3.5', 'numba': '0.57.1', 'requests': '2.28.2', 'matplotlib': '3.7.1', 'scikitplot': '0.3.7', 'yellowbrick': '1.5', 'plotly': '5.15.0', 'kaleido': '0.2.1', 'statsmodels': '0.14.0', 'sktime': '0.19.2', 'tbats': '1.1.3', 'pmdarima': '2.0.3', 'psutil': '5.9.4'}, 'python': {'version': '3.10.0', 'machine': 'AMD64'}}
pickle: {'deps_info': {'pip': '23.1.2', 'setuptools': '67.7.2', 'pycaret': '3.0.2', 'IPython': '7.34.0', 'ipywidgets': '7.7.1', 'tqdm': '4.65.0', 'numpy': '1.22.4', 'pandas': '1.5.3', 'jinja2': '3.1.2', 'scipy': '1.10.1', 'joblib': '1.2.0', 'sklearn': '1.2.2', 'pyod': '1.0.9', 'imblearn': '0.10.1', 'category_encoders': '2.6.1', 'lightgbm': '3.3.5', 'numba': '0.56.4', 'requests': '2.27.1', 'matplotlib': '3.7.1', 'scikitplot': '0.3.7', 'yellowbrick': '1.5', 'plotly': '5.13.1', 'kaleido': '0.2.1', 'statsmodels': '0.13.5', 'sktime': '0.17.0', 'tbats': '1.1.3', 'pmdarima': '2.0.3', 'psutil': '5.9.5'}, 'python': {'version': '3.10.12', 'machine': 'x86_64'}}
  warnings.warn(

2023-06-23 00:43:16,828:INFO:Initializing predict_model()
2023-06-23 00:43:16,828:INFO:predict_model(self=<pycaret.regression.oop.RegressionExperiment object at 0x0000017A15AFBA30>, estimator=Pipeline(memory=FastMemory(location=/tmp/joblib),
         steps=[('numerical_imputer',
                 TransformerWrapper(include=['age', 'bmi', 'children'],
                                    transformer=SimpleImputer())),
                ('categorical_imputer',
                 TransformerWrapper(include=['sex', 'smoker', 'region'],
                                    transformer=SimpleImputer(strategy='most_frequent'))),
                ('ordinal_encoding',
                 TransformerWrapper(include=['sex', 'smoker...
                ('polynomial_features',
                 TransformerWrapper(transformer=PolynomialFeatures(include_bias=False))),
                ('bin_numeric_features',
                 TransformerWrapper(include=['age', 'bmi'],
                                    transformer=KBinsDiscretizer(encode='ordinal',
                                                                 strategy='kmeans'))),
                ('normalize', TransformerWrapper(transformer=StandardScaler())),
                ('actual_estimator',
                 GradientBoostingRegressor(random_state=123))]), probability_threshold=None, encoded_labels=False, raw_score=False, round=4, verbose=True, ml_usecase=None, preprocess=True, replace_labels_in_column=<function _SupervisedExperiment.predict_model.<locals>.replace_labels_in_column at 0x0000017A1C4C0F70>)
2023-06-23 00:43:16,828:INFO:Checking exceptions
2023-06-23 00:43:16,828:INFO:Preloading libraries
2023-06-23 00:43:16,832:INFO:Set up data.
2023-06-23 00:43:16,840:INFO:Set up index.
2023-06-23 00:43:19,885:INFO:Initializing load_model()
2023-06-23 00:43:19,885:INFO:load_model(model_name=insurance_model, platform=None, authentication=None, verbose=True)
2023-06-23 00:43:19,917:WARNING:C:\Users\HEMANT MANDAL\AppData\Local\Programs\Python\Python310\lib\site-packages\pycaret\internal\pipeline.py:135: UserWarning: Version mismatch:
current: {'deps_info': {'pip': '23.1.2', 'setuptools': '57.4.0', 'pycaret': '3.0.0', 'IPython': '8.9.0', 'ipywidgets': '8.0.4', 'tqdm': '4.65.0', 'numpy': '1.24.2', 'pandas': '1.5.3', 'jinja2': '3.1.2', 'scipy': '1.10.1', 'joblib': '1.2.0', 'sklearn': '1.2.2', 'pyod': '1.0.9', 'imblearn': '0.10.1', 'category_encoders': '2.6.1', 'lightgbm': '3.3.5', 'numba': '0.57.1', 'requests': '2.28.2', 'matplotlib': '3.7.1', 'scikitplot': '0.3.7', 'yellowbrick': '1.5', 'plotly': '5.15.0', 'kaleido': '0.2.1', 'statsmodels': '0.14.0', 'sktime': '0.19.2', 'tbats': '1.1.3', 'pmdarima': '2.0.3', 'psutil': '5.9.4'}, 'python': {'version': '3.10.0', 'machine': 'AMD64'}}
pickle: {'deps_info': {'pip': '23.1.2', 'setuptools': '67.7.2', 'pycaret': '3.0.2', 'IPython': '7.34.0', 'ipywidgets': '7.7.1', 'tqdm': '4.65.0', 'numpy': '1.22.4', 'pandas': '1.5.3', 'jinja2': '3.1.2', 'scipy': '1.10.1', 'joblib': '1.2.0', 'sklearn': '1.2.2', 'pyod': '1.0.9', 'imblearn': '0.10.1', 'category_encoders': '2.6.1', 'lightgbm': '3.3.5', 'numba': '0.56.4', 'requests': '2.27.1', 'matplotlib': '3.7.1', 'scikitplot': '0.3.7', 'yellowbrick': '1.5', 'plotly': '5.13.1', 'kaleido': '0.2.1', 'statsmodels': '0.13.5', 'sktime': '0.17.0', 'tbats': '1.1.3', 'pmdarima': '2.0.3', 'psutil': '5.9.5'}, 'python': {'version': '3.10.12', 'machine': 'x86_64'}}
  warnings.warn(

2023-06-23 00:43:20,134:INFO:Initializing predict_model()
2023-06-23 00:43:20,134:INFO:predict_model(self=<pycaret.regression.oop.RegressionExperiment object at 0x0000017A1C36DC00>, estimator=Pipeline(memory=FastMemory(location=/tmp/joblib),
         steps=[('numerical_imputer',
                 TransformerWrapper(include=['age', 'bmi', 'children'],
                                    transformer=SimpleImputer())),
                ('categorical_imputer',
                 TransformerWrapper(include=['sex', 'smoker', 'region'],
                                    transformer=SimpleImputer(strategy='most_frequent'))),
                ('ordinal_encoding',
                 TransformerWrapper(include=['sex', 'smoker...
                ('polynomial_features',
                 TransformerWrapper(transformer=PolynomialFeatures(include_bias=False))),
                ('bin_numeric_features',
                 TransformerWrapper(include=['age', 'bmi'],
                                    transformer=KBinsDiscretizer(encode='ordinal',
                                                                 strategy='kmeans'))),
                ('normalize', TransformerWrapper(transformer=StandardScaler())),
                ('actual_estimator',
                 GradientBoostingRegressor(random_state=123))]), probability_threshold=None, encoded_labels=False, raw_score=False, round=4, verbose=True, ml_usecase=None, preprocess=True, replace_labels_in_column=<function _SupervisedExperiment.predict_model.<locals>.replace_labels_in_column at 0x0000017A1C45E4D0>)
2023-06-23 00:43:20,134:INFO:Checking exceptions
2023-06-23 00:43:20,134:INFO:Preloading libraries
2023-06-23 00:43:20,134:INFO:Set up data.
2023-06-23 00:43:20,150:INFO:Set up index.
2023-06-23 00:44:02,741:INFO:Initializing load_model()
2023-06-23 00:44:02,741:INFO:load_model(model_name=insurance_model, platform=None, authentication=None, verbose=True)
2023-06-23 00:44:02,773:WARNING:C:\Users\HEMANT MANDAL\AppData\Local\Programs\Python\Python310\lib\site-packages\pycaret\internal\pipeline.py:135: UserWarning: Version mismatch:
current: {'deps_info': {'pip': '23.1.2', 'setuptools': '57.4.0', 'pycaret': '3.0.0', 'IPython': '8.9.0', 'ipywidgets': '8.0.4', 'tqdm': '4.65.0', 'numpy': '1.24.2', 'pandas': '1.5.3', 'jinja2': '3.1.2', 'scipy': '1.10.1', 'joblib': '1.2.0', 'sklearn': '1.2.2', 'pyod': '1.0.9', 'imblearn': '0.10.1', 'category_encoders': '2.6.1', 'lightgbm': '3.3.5', 'numba': '0.57.1', 'requests': '2.28.2', 'matplotlib': '3.7.1', 'scikitplot': '0.3.7', 'yellowbrick': '1.5', 'plotly': '5.15.0', 'kaleido': '0.2.1', 'statsmodels': '0.14.0', 'sktime': '0.19.2', 'tbats': '1.1.3', 'pmdarima': '2.0.3', 'psutil': '5.9.4'}, 'python': {'version': '3.10.0', 'machine': 'AMD64'}}
pickle: {'deps_info': {'pip': '23.1.2', 'setuptools': '67.7.2', 'pycaret': '3.0.2', 'IPython': '7.34.0', 'ipywidgets': '7.7.1', 'tqdm': '4.65.0', 'numpy': '1.22.4', 'pandas': '1.5.3', 'jinja2': '3.1.2', 'scipy': '1.10.1', 'joblib': '1.2.0', 'sklearn': '1.2.2', 'pyod': '1.0.9', 'imblearn': '0.10.1', 'category_encoders': '2.6.1', 'lightgbm': '3.3.5', 'numba': '0.56.4', 'requests': '2.27.1', 'matplotlib': '3.7.1', 'scikitplot': '0.3.7', 'yellowbrick': '1.5', 'plotly': '5.13.1', 'kaleido': '0.2.1', 'statsmodels': '0.13.5', 'sktime': '0.17.0', 'tbats': '1.1.3', 'pmdarima': '2.0.3', 'psutil': '5.9.5'}, 'python': {'version': '3.10.12', 'machine': 'x86_64'}}
  warnings.warn(

2023-06-23 00:44:10,369:INFO:Initializing load_model()
2023-06-23 00:44:10,369:INFO:load_model(model_name=insurance_model, platform=None, authentication=None, verbose=True)
2023-06-23 00:44:10,401:WARNING:C:\Users\HEMANT MANDAL\AppData\Local\Programs\Python\Python310\lib\site-packages\pycaret\internal\pipeline.py:135: UserWarning: Version mismatch:
current: {'deps_info': {'pip': '23.1.2', 'setuptools': '57.4.0', 'pycaret': '3.0.0', 'IPython': '8.9.0', 'ipywidgets': '8.0.4', 'tqdm': '4.65.0', 'numpy': '1.24.2', 'pandas': '1.5.3', 'jinja2': '3.1.2', 'scipy': '1.10.1', 'joblib': '1.2.0', 'sklearn': '1.2.2', 'pyod': '1.0.9', 'imblearn': '0.10.1', 'category_encoders': '2.6.1', 'lightgbm': '3.3.5', 'numba': '0.57.1', 'requests': '2.28.2', 'matplotlib': '3.7.1', 'scikitplot': '0.3.7', 'yellowbrick': '1.5', 'plotly': '5.15.0', 'kaleido': '0.2.1', 'statsmodels': '0.14.0', 'sktime': '0.19.2', 'tbats': '1.1.3', 'pmdarima': '2.0.3', 'psutil': '5.9.4'}, 'python': {'version': '3.10.0', 'machine': 'AMD64'}}
pickle: {'deps_info': {'pip': '23.1.2', 'setuptools': '67.7.2', 'pycaret': '3.0.2', 'IPython': '7.34.0', 'ipywidgets': '7.7.1', 'tqdm': '4.65.0', 'numpy': '1.22.4', 'pandas': '1.5.3', 'jinja2': '3.1.2', 'scipy': '1.10.1', 'joblib': '1.2.0', 'sklearn': '1.2.2', 'pyod': '1.0.9', 'imblearn': '0.10.1', 'category_encoders': '2.6.1', 'lightgbm': '3.3.5', 'numba': '0.56.4', 'requests': '2.27.1', 'matplotlib': '3.7.1', 'scikitplot': '0.3.7', 'yellowbrick': '1.5', 'plotly': '5.13.1', 'kaleido': '0.2.1', 'statsmodels': '0.13.5', 'sktime': '0.17.0', 'tbats': '1.1.3', 'pmdarima': '2.0.3', 'psutil': '5.9.5'}, 'python': {'version': '3.10.12', 'machine': 'x86_64'}}
  warnings.warn(

2023-06-25 20:57:44,557:WARNING:
'cuml' is a soft dependency and not included in the pycaret installation. Please run: `pip install cuml` to install.
2023-06-25 20:57:44,557:WARNING:
'cuml' is a soft dependency and not included in the pycaret installation. Please run: `pip install cuml` to install.
2023-06-25 20:57:44,557:WARNING:
'cuml' is a soft dependency and not included in the pycaret installation. Please run: `pip install cuml` to install.
2023-06-25 20:57:44,557:WARNING:
'cuml' is a soft dependency and not included in the pycaret installation. Please run: `pip install cuml` to install.
2023-06-25 20:57:50,254:WARNING:
'prophet' is a soft dependency and not included in the pycaret installation. Please run: `pip install prophet` to install.
2023-06-25 20:57:54,062:INFO:Initializing load_model()
2023-06-25 20:57:54,062:INFO:load_model(model_name=insurance_model, platform=None, authentication=None, verbose=True)
2023-06-25 20:57:54,126:WARNING:C:\Users\HEMANT MANDAL\AppData\Local\Programs\Python\Python310\lib\site-packages\pycaret\internal\pipeline.py:135: UserWarning: Version mismatch:
current: {'deps_info': {'pip': '23.1.2', 'setuptools': '57.4.0', 'pycaret': '3.0.0', 'IPython': '8.9.0', 'ipywidgets': '8.0.4', 'tqdm': '4.65.0', 'numpy': '1.24.2', 'pandas': '1.5.3', 'jinja2': '3.1.2', 'scipy': '1.10.1', 'joblib': '1.2.0', 'sklearn': '1.2.2', 'pyod': '1.0.9', 'imblearn': '0.10.1', 'category_encoders': '2.6.1', 'lightgbm': '3.3.5', 'numba': '0.57.1', 'requests': '2.28.2', 'matplotlib': '3.7.1', 'scikitplot': '0.3.7', 'yellowbrick': '1.5', 'plotly': '5.15.0', 'kaleido': '0.2.1', 'statsmodels': '0.14.0', 'sktime': '0.19.2', 'tbats': '1.1.3', 'pmdarima': '2.0.3', 'psutil': '5.9.4'}, 'python': {'version': '3.10.0', 'machine': 'AMD64'}}
pickle: {'deps_info': {'pip': '23.1.2', 'setuptools': '67.7.2', 'pycaret': '3.0.2', 'IPython': '7.34.0', 'ipywidgets': '7.7.1', 'tqdm': '4.65.0', 'numpy': '1.22.4', 'pandas': '1.5.3', 'jinja2': '3.1.2', 'scipy': '1.10.1', 'joblib': '1.2.0', 'sklearn': '1.2.2', 'pyod': '1.0.9', 'imblearn': '0.10.1', 'category_encoders': '2.6.1', 'lightgbm': '3.3.5', 'numba': '0.56.4', 'requests': '2.27.1', 'matplotlib': '3.7.1', 'scikitplot': '0.3.7', 'yellowbrick': '1.5', 'plotly': '5.13.1', 'kaleido': '0.2.1', 'statsmodels': '0.13.5', 'sktime': '0.17.0', 'tbats': '1.1.3', 'pmdarima': '2.0.3', 'psutil': '5.9.5'}, 'python': {'version': '3.10.12', 'machine': 'x86_64'}}
  warnings.warn(

